<?xml version="1.0" encoding="UTF-8"?>
<!-- Generated by org.testng.reporters.JUnitReportReporter -->
<testsuite hostname="Aneela-PC" name="Loops.TestSmallest" tests="4" failures="0" timestamp="31 Aug 2015 20:37:12 GMT" time="0.069" errors="0">
  <testcase name="testNegativeNumbers" time="0.002" classname="Loops.TestSmallest"/>
  <testcase name="testPositiveNumbers" time="0.003" classname="Loops.TestSmallest"/>
  <testcase name="testDuplicateNumbers" time="0.062" classname="Loops.TestSmallest"/>
  <testcase name="testPosNegNumbers" time="0.002" classname="Loops.TestSmallest"/>
</testsuite> <!-- Loops.TestSmallest -->
